<?xml version="1.0" encoding="UTF-8"?>
<!-- Generated by org.testng.reporters.JUnitXMLReporter -->
<testsuite hostname="DESKTOP-GBCMBMU" ignored="0" name="Test" tests="1" failures="1" timestamp="2020-08-25T19:20:02 IST" time="19.494" errors="0">
  <testcase name="loginTestCase" time="8.305" classname="com.escape.testcases.LoginTest">
    <failure type="java.lang.AssertionError" message="expected [true] but found [false]">
      <![CDATA[java.lang.AssertionError: expected [true] but found [false]
at com.escape.testcases.LoginTest.loginTestCase(LoginTest.java:35)
at java.util.ArrayList.forEach(ArrayList.java:1257)
... Removed 31 stack frames]]>
    </failure>
  </testcase> <!-- loginTestCase -->
</testsuite> <!-- Test -->
